<?xml version="1.0" encoding="UTF-8"?>
<!-- Generated by org.testng.reporters.JUnitReportReporter -->
<testsuite hostname="NAVEENA" failures="0" tests="1" name="test1Selenium.BasicTest" time="10.399" errors="0" timestamp="2021-10-30T09:38:07 IST" skipped="0">
  <testcase classname="test1Selenium.BasicTest" name="test" time="10.399"/>
  <system-out/>
</testsuite> <!-- test1Selenium.BasicTest -->
