<?xml version="1.0" encoding="UTF-8"?>
<!-- Generated by org.testng.reporters.JUnitReportReporter -->
<testsuite hostname="NAVEENA" failures="0" tests="1" name="test1Selenium.AllTest" time="45.037" errors="0" timestamp="2021-10-30T09:38:07 IST" skipped="0">
  <testcase classname="test1Selenium.AllTest" name="test" time="45.037"/>
  <system-out/>
</testsuite> <!-- test1Selenium.AllTest -->
